<?xml version="1.0" encoding="UTF-8"?>
<coverage generated="1781396594980" clover="3.2.0">
  <project timestamp="1781396594980" name="All files">
    <metrics statements="11" coveredstatements="11" conditionals="4" coveredconditionals="4" methods="1" coveredmethods="1" elements="16" coveredelements="16" complexity="0" loc="11" ncloc="11" packages="1" files="1" classes="1"/>
    <file name="busquedaBinaria.js" path="C:\Users\DylanM\Desktop\cobertura-busqueda-binaria\busquedaBinaria.js">
      <metrics statements="11" coveredstatements="11" conditionals="4" coveredconditionals="4" methods="1" coveredmethods="1"/>
      <line num="2" count="6" type="stmt"/>
      <line num="3" count="6" type="stmt"/>
      <line num="5" count="6" type="stmt"/>
      <line num="6" count="11" type="stmt"/>
      <line num="8" count="11" type="cond" truecount="2" falsecount="0"/>
      <line num="9" count="3" type="stmt"/>
      <line num="12" count="8" type="cond" truecount="2" falsecount="0"/>
      <line num="13" count="5" type="stmt"/>
      <line num="15" count="3" type="stmt"/>
      <line num="19" count="3" type="stmt"/>
      <line num="22" count="1" type="stmt"/>
    </file>
  </project>
</coverage>
