{"C:\\Users\\DylanM\\Desktop\\cobertura-busqueda-binaria\\busquedaBinaria.js": {"path":"C:\\Users\\DylanM\\Desktop\\cobertura-busqueda-binaria\\busquedaBinaria.js","statementMap":{"0":{"start":{"line":2,"column":20},"end":{"line":2,"column":21}},"1":{"start":{"line":3,"column":18},"end":{"line":3,"column":36}},"2":{"start":{"line":5,"column":4},"end":{"line":17,"column":5}},"3":{"start":{"line":6,"column":20},"end":{"line":6,"column":57}},"4":{"start":{"line":8,"column":8},"end":{"line":10,"column":9}},"5":{"start":{"line":9,"column":12},"end":{"line":9,"column":25}},"6":{"start":{"line":12,"column":8},"end":{"line":16,"column":9}},"7":{"start":{"line":13,"column":12},"end":{"line":13,"column":34}},"8":{"start":{"line":15,"column":12},"end":{"line":15,"column":32}},"9":{"start":{"line":19,"column":4},"end":{"line":19,"column":14}},"10":{"start":{"line":22,"column":0},"end":{"line":22,"column":33}}},"fnMap":{"0":{"name":"busquedaBinaria","decl":{"start":{"line":1,"column":9},"end":{"line":1,"column":24}},"loc":{"start":{"line":1,"column":44},"end":{"line":20,"column":1}},"line":1}},"branchMap":{"0":{"loc":{"start":{"line":8,"column":8},"end":{"line":10,"column":9}},"type":"if","locations":[{"start":{"line":8,"column":8},"end":{"line":10,"column":9}},{"start":{},"end":{}}],"line":8},"1":{"loc":{"start":{"line":12,"column":8},"end":{"line":16,"column":9}},"type":"if","locations":[{"start":{"line":12,"column":8},"end":{"line":16,"column":9}},{"start":{"line":14,"column":15},"end":{"line":16,"column":9}}],"line":12}},"s":{"0":6,"1":6,"2":6,"3":11,"4":11,"5":3,"6":8,"7":5,"8":3,"9":3,"10":1},"f":{"0":6},"b":{"0":[3,8],"1":[5,3]},"_coverageSchema":"1a1c01bbd47fc00a2c39e90264f33305004495a9","hash":"32369b42b5088cece1822c3cfd62eead69582a8d"}
}
